# JRE version: OpenJDK Runtime Environment (8.0_212-b03) (build 1.8.0_212-8u212-b03-0ubuntu1.18.04.1-b03)
# Java VM: OpenJDK 64-Bit Server VM (25.212-b03 mixed mode linux-amd64 compressed oops)
Heap:
 PSYoungGen      total 3081216K, used 1083472K [0x000000066ab00000, 0x00000007a0380000, 0x00000007c0000000)
  eden space 1258496K, 0% used [0x000000066ab00000,0x000000066ab00000,0x00000006b7800000)
  from space 1822720K, 59% used [0x0000000729400000,0x000000076b614130,0x0000000798800000)
  to   space 1863680K, 0% used [0x00000006b7800000,0x00000006b7800000,0x0000000729400000)
 ParOldGen       total 9140736K, used 9134739K [0x00000003c0000000, 0x00000005ede80000, 0x000000066ab00000)
  object space 9140736K, 99% used [0x00000003c0000000,0x00000005ed8a4cf0,0x00000005ede80000)
 Metaspace       used 24066K, capacity 24874K, committed 25088K, reserved 1071104K
  class space    used 3315K, capacity 3475K, committed 3584K, reserved 1048576K
GC Heap History (10 events):
Event: 59.151 GC heap after
Heap after GC invocations=30 (full 9):
 PSYoungGen      total 2200576K, used 1235412K [0x000000066ab00000, 0x0000000769200000, 0x00000007c0000000)
  eden space 840704K, 0% used [0x000000066ab00000,0x000000066ab00000,0x000000069e000000)
  from space 1359872K, 90% used [0x000000069e000000,0x00000006e9675108,0x00000006f1000000)
  to   space 1556480K, 0% used [0x000000070a200000,0x000000070a200000,0x0000000769200000)
 ParOldGen       total 7729664K, used 6158431K [0x00000003c0000000, 0x0000000597c80000, 0x000000066ab00000)
  object space 7729664K, 79% used [0x00000003c0000000,0x0000000537e17c48,0x0000000597c80000)
 Metaspace       used 23880K, capacity 24586K, committed 24704K, reserved 1071104K
  class space    used 3288K, capacity 3443K, committed 3456K, reserved 1048576K
}
Event: 59.151 GC heap before
{Heap before GC invocations=31 (full 10):
 PSYoungGen      total 2200576K, used 1235412K [0x000000066ab00000, 0x0000000769200000, 0x00000007c0000000)
  eden space 840704K, 0% used [0x000000066ab00000,0x000000066ab00000,0x000000069e000000)
  from space 1359872K, 90% used [0x000000069e000000,0x00000006e9675108,0x00000006f1000000)
  to   space 1556480K, 0% used [0x000000070a200000,0x000000070a200000,0x0000000769200000)
 ParOldGen       total 7729664K, used 6158431K [0x00000003c0000000, 0x0000000597c80000, 0x000000066ab00000)
  object space 7729664K, 79% used [0x00000003c0000000,0x0000000537e17c48,0x0000000597c80000)
 Metaspace       used 23880K, capacity 24586K, committed 24704K, reserved 1071104K
  class space    used 3288K, capacity 3443K, committed 3456K, reserved 1048576K
Event: 62.987 GC heap after
Heap after GC invocations=31 (full 10):
 PSYoungGen      total 2200576K, used 0K [0x000000066ab00000, 0x0000000769200000, 0x00000007c0000000)
  eden space 840704K, 0% used [0x000000066ab00000,0x000000066ab00000,0x000000069e000000)
  from space 1359872K, 0% used [0x000000069e000000,0x000000069e000000,0x00000006f1000000)
  to   space 1556480K, 0% used [0x000000070a200000,0x000000070a200000,0x0000000769200000)
 ParOldGen       total 9140736K, used 7373895K [0x00000003c0000000, 0x00000005ede80000, 0x000000066ab00000)
  object space 9140736K, 80% used [0x00000003c0000000,0x0000000582111fd0,0x00000005ede80000)
 Metaspace       used 23880K, capacity 24586K, committed 24704K, reserved 1071104K
  class space    used 3288K, capacity 3443K, committed 3456K, reserved 1048576K
}
Event: 63.285 GC heap before
{Heap before GC invocations=32 (full 10):
 PSYoungGen      total 2200576K, used 838818K [0x000000066ab00000, 0x0000000769200000, 0x00000007c0000000)
  eden space 840704K, 99% used [0x000000066ab00000,0x000000069de28818,0x000000069e000000)
  from space 1359872K, 0% used [0x000000069e000000,0x000000069e000000,0x00000006f1000000)
  to   space 1556480K, 0% used [0x000000070a200000,0x000000070a200000,0x0000000769200000)
 ParOldGen       total 9140736K, used 7373895K [0x00000003c0000000, 0x00000005ede80000, 0x000000066ab00000)
  object space 9140736K, 80% used [0x00000003c0000000,0x0000000582111fd0,0x00000005ede80000)
 Metaspace       used 24066K, capacity 24874K, committed 25088K, reserved 1071104K
  class space    used 3315K, capacity 3475K, committed 3584K, reserved 1048576K
Event: 63.416 GC heap after
Heap after GC invocations=32 (full 10):
 PSYoungGen      total 2558976K, used 813520K [0x000000066ab00000, 0x0000000767880000, 0x00000007c0000000)
  eden space 1028608K, 0% used [0x000000066ab00000,0x000000066ab00000,0x00000006a9780000)
  from space 1530368K, 53% used [0x000000070a200000,0x000000073bc74150,0x0000000767880000)
  to   space 1556992K, 0% used [0x00000006a9780000,0x00000006a9780000,0x0000000708800000)
 ParOldGen       total 9140736K, used 7373895K [0x00000003c0000000, 0x00000005ede80000, 0x000000066ab00000)
  object space 9140736K, 80% used [0x00000003c0000000,0x0000000582111fd0,0x00000005ede80000)
 Metaspace       used 24066K, capacity 24874K, committed 25088K, reserved 1071104K
  class space    used 3315K, capacity 3475K, committed 3584K, reserved 1048576K
}
Event: 63.641 GC heap before
{Heap before GC invocations=33 (full 10):
 PSYoungGen      total 2558976K, used 1837363K [0x000000066ab00000, 0x0000000767880000, 0x00000007c0000000)
  eden space 1028608K, 99% used [0x000000066ab00000,0x00000006a92d8b40,0x00000006a9780000)
  from space 1530368K, 53% used [0x000000070a200000,0x000000073bc74150,0x0000000767880000)
  to   space 1556992K, 0% used [0x00000006a9780000,0x00000006a9780000,0x0000000708800000)
 ParOldGen       total 9140736K, used 7373895K [0x00000003c0000000, 0x00000005ede80000, 0x000000066ab00000)
  object space 9140736K, 80% used [0x00000003c0000000,0x0000000582111fd0,0x00000005ede80000)
 Metaspace       used 24066K, capacity 24874K, committed 25088K, reserved 1071104K
  class space    used 3315K, capacity 3475K, committed 3584K, reserved 1048576K
Event: 63.878 GC heap after
Heap after GC invocations=33 (full 10):
 PSYoungGen      total 2585600K, used 1551743K [0x000000066ab00000, 0x0000000798800000, 0x00000007c0000000)
  eden space 1028608K, 0% used [0x000000066ab00000,0x000000066ab00000,0x00000006a9780000)
  from space 1556992K, 99% used [0x00000006a9780000,0x00000007082dfc20,0x0000000708800000)
  to   space 1822720K, 0% used [0x0000000729400000,0x0000000729400000,0x0000000798800000)
 ParOldGen       total 9140736K, used 7654165K [0x00000003c0000000, 0x00000005ede80000, 0x000000066ab00000)
  object space 9140736K, 83% used [0x00000003c0000000,0x00000005932c5618,0x00000005ede80000)
 Metaspace       used 24066K, capacity 24874K, committed 25088K, reserved 1071104K
  class space    used 3315K, capacity 3475K, committed 3584K, reserved 1048576K
}
Event: 64.121 GC heap before
{Heap before GC invocations=34 (full 10):
 PSYoungGen      total 2585600K, used 2575818K [0x000000066ab00000, 0x0000000798800000, 0x00000007c0000000)
  eden space 1028608K, 99% used [0x000000066ab00000,0x00000006a9312e10,0x00000006a9780000)
  from space 1556992K, 99% used [0x00000006a9780000,0x00000007082dfc20,0x0000000708800000)
  to   space 1822720K, 0% used [0x0000000729400000,0x0000000729400000,0x0000000798800000)
 ParOldGen       total 9140736K, used 7654165K [0x00000003c0000000, 0x00000005ede80000, 0x000000066ab00000)
  object space 9140736K, 83% used [0x00000003c0000000,0x00000005932c5618,0x00000005ede80000)
 Metaspace       used 24066K, capacity 24874K, committed 25088K, reserved 1071104K
  class space    used 3315K, capacity 3475K, committed 3584K, reserved 1048576K
Event: 70.546 GC heap after
Heap after GC invocations=34 (full 10):
 PSYoungGen      total 3081216K, used 1815803K [0x000000066ab00000, 0x00000007a0380000, 0x00000007c0000000)
  eden space 1258496K, 0% used [0x000000066ab00000,0x000000066ab00000,0x00000006b7800000)
  from space 1822720K, 99% used [0x0000000729400000,0x000000079813ef28,0x0000000798800000)
  to   space 1863680K, 0% used [0x00000006b7800000,0x00000006b7800000,0x0000000729400000)
 ParOldGen       total 9140736K, used 8408715K [0x00000003c0000000, 0x00000005ede80000, 0x000000066ab00000)
  object space 9140736K, 91% used [0x00000003c0000000,0x00000005c13a2c68,0x00000005ede80000)
 Metaspace       used 24066K, capacity 24874K, committed 25088K, reserved 1071104K
  class space    used 3315K, capacity 3475K, committed 3584K, reserved 1048576K
}
Event: 71.562 GC heap before
{Heap before GC invocations=35 (full 11):
 PSYoungGen      total 3081216K, used 1815803K [0x000000066ab00000, 0x00000007a0380000, 0x00000007c0000000)
  eden space 1258496K, 0% used [0x000000066ab00000,0x000000066ab00000,0x00000006b7800000)
  from space 1822720K, 99% used [0x0000000729400000,0x000000079813ef28,0x0000000798800000)
  to   space 1863680K, 0% used [0x00000006b7800000,0x00000006b7800000,0x0000000729400000)
 ParOldGen       total 9140736K, used 8408715K [0x00000003c0000000, 0x00000005ede80000, 0x000000066ab00000)
  object space 9140736K, 91% used [0x00000003c0000000,0x00000005c13a2c68,0x00000005ede80000)
 Metaspace       used 24066K, capacity 24874K, committed 25088K, reserved 1071104K
  class space    used 3315K, capacity 3475K, committed 3584K, reserved 1048576K

