# JRE version: OpenJDK Runtime Environment (8.0_212-b03) (build 1.8.0_212-8u212-b03-0ubuntu1.18.04.1-b03)
# Java VM: OpenJDK 64-Bit Server VM (25.212-b03 mixed mode linux-amd64 compressed oops)
Heap:
 PSYoungGen      total 1845760K, used 615924K [0x000000066ab00000, 0x000000070e680000, 0x00000007c0000000)
  eden space 1229824K, 0% used [0x000000066ab00000,0x000000066ab00000,0x00000006b5c00000)
  from space 615936K, 99% used [0x00000006e8d00000,0x000000070e67d1b0,0x000000070e680000)
  to   space 512512K, 0% used [0x00000006b5c00000,0x00000006b5c00000,0x00000006d5080000)
 ParOldGen       total 7684608K, used 6369316K [0x00000003c0000000, 0x0000000595080000, 0x000000066ab00000)
  object space 7684608K, 82% used [0x00000003c0000000,0x0000000544c09168,0x0000000595080000)
 Metaspace       used 17746K, capacity 18520K, committed 18816K, reserved 1064960K
  class space    used 2206K, capacity 2384K, committed 2432K, reserved 1048576K
GC Heap History (10 events):
Event: 18.523 GC heap after
Heap after GC invocations=22 (full 8):
 PSYoungGen      total 1356288K, used 0K [0x000000066ab00000, 0x00000006db900000, 0x00000007c0000000)
  eden space 1038848K, 0% used [0x000000066ab00000,0x000000066ab00000,0x00000006aa180000)
  from space 317440K, 0% used [0x00000006c1200000,0x00000006c1200000,0x00000006d4800000)
  to   space 377344K, 0% used [0x00000006aa180000,0x00000006aa180000,0x00000006c1200000)
 ParOldGen       total 6566400K, used 4881861K [0x00000003c0000000, 0x0000000550c80000, 0x000000066ab00000)
  object space 6566400K, 74% used [0x00000003c0000000,0x00000004e9f714e0,0x0000000550c80000)
 Metaspace       used 13652K, capacity 14266K, committed 14336K, reserved 1062912K
  class space    used 1590K, capacity 1723K, committed 1792K, reserved 1048576K
}
Event: 19.610 GC heap before
{Heap before GC invocations=23 (full 8):
 PSYoungGen      total 1356288K, used 596239K [0x000000066ab00000, 0x00000006db900000, 0x00000007c0000000)
  eden space 1038848K, 57% used [0x000000066ab00000,0x000000068f143c38,0x00000006aa180000)
  from space 317440K, 0% used [0x00000006c1200000,0x00000006c1200000,0x00000006d4800000)
  to   space 377344K, 0% used [0x00000006aa180000,0x00000006aa180000,0x00000006c1200000)
 ParOldGen       total 6566400K, used 4881861K [0x00000003c0000000, 0x0000000550c80000, 0x000000066ab00000)
  object space 6566400K, 74% used [0x00000003c0000000,0x00000004e9f714e0,0x0000000550c80000)
 Metaspace       used 13654K, capacity 14266K, committed 14336K, reserved 1062912K
  class space    used 1590K, capacity 1723K, committed 1792K, reserved 1048576K
Event: 19.797 GC heap after
Heap after GC invocations=23 (full 8):
 PSYoungGen      total 1416192K, used 341577K [0x000000066ab00000, 0x00000006efa00000, 0x00000007c0000000)
  eden space 1038848K, 0% used [0x000000066ab00000,0x000000066ab00000,0x00000006aa180000)
  from space 377344K, 90% used [0x00000006aa180000,0x00000006bef125b8,0x00000006c1200000)
  to   space 435712K, 0% used [0x00000006d5080000,0x00000006d5080000,0x00000006efa00000)
 ParOldGen       total 6566400K, used 5122267K [0x00000003c0000000, 0x0000000550c80000, 0x000000066ab00000)
  object space 6566400K, 78% used [0x00000003c0000000,0x00000004f8a36c08,0x0000000550c80000)
 Metaspace       used 13654K, capacity 14266K, committed 14336K, reserved 1062912K
  class space    used 1590K, capacity 1723K, committed 1792K, reserved 1048576K
}
Event: 22.187 GC heap before
{Heap before GC invocations=24 (full 8):
 PSYoungGen      total 1416192K, used 1380425K [0x000000066ab00000, 0x00000006efa00000, 0x00000007c0000000)
  eden space 1038848K, 100% used [0x000000066ab00000,0x00000006aa180000,0x00000006aa180000)
  from space 377344K, 90% used [0x00000006aa180000,0x00000006bef125b8,0x00000006c1200000)
  to   space 435712K, 0% used [0x00000006d5080000,0x00000006d5080000,0x00000006efa00000)
 ParOldGen       total 6566400K, used 5122267K [0x00000003c0000000, 0x0000000550c80000, 0x000000066ab00000)
  object space 6566400K, 78% used [0x00000003c0000000,0x00000004f8a36c08,0x0000000550c80000)
 Metaspace       used 16626K, capacity 17306K, committed 17408K, reserved 1064960K
  class space    used 2099K, capacity 2251K, committed 2304K, reserved 1048576K
Event: 32.483 GC heap after
Heap after GC invocations=24 (full 8):
 PSYoungGen      total 1665536K, used 424054K [0x000000066ab00000, 0x0000000700f80000, 0x00000007c0000000)
  eden space 1229824K, 0% used [0x000000066ab00000,0x000000066ab00000,0x00000006b5c00000)
  from space 435712K, 97% used [0x00000006d5080000,0x00000006eee9d970,0x00000006efa00000)
  to   space 512512K, 0% used [0x00000006b5c00000,0x00000006b5c00000,0x00000006d5080000)
 ParOldGen       total 6566400K, used 5575822K [0x00000003c0000000, 0x0000000550c80000, 0x000000066ab00000)
  object space 6566400K, 84% used [0x00000003c0000000,0x0000000514523830,0x0000000550c80000)
 Metaspace       used 16626K, capacity 17306K, committed 17408K, reserved 1064960K
  class space    used 2099K, capacity 2251K, committed 2304K, reserved 1048576K
}
Event: 32.590 GC heap before
{Heap before GC invocations=25 (full 9):
 PSYoungGen      total 1665536K, used 424054K [0x000000066ab00000, 0x0000000700f80000, 0x00000007c0000000)
  eden space 1229824K, 0% used [0x000000066ab00000,0x000000066ab00000,0x00000006b5c00000)
  from space 435712K, 97% used [0x00000006d5080000,0x00000006eee9d970,0x00000006efa00000)
  to   space 512512K, 0% used [0x00000006b5c00000,0x00000006b5c00000,0x00000006d5080000)
 ParOldGen       total 6566400K, used 5575822K [0x00000003c0000000, 0x0000000550c80000, 0x000000066ab00000)
  object space 6566400K, 84% used [0x00000003c0000000,0x0000000514523830,0x0000000550c80000)
 Metaspace       used 16626K, capacity 17306K, committed 17408K, reserved 1064960K
  class space    used 2099K, capacity 2251K, committed 2304K, reserved 1048576K
Event: 55.711 GC heap after
Heap after GC invocations=25 (full 9):
 PSYoungGen      total 1665536K, used 0K [0x000000066ab00000, 0x0000000700f80000, 0x00000007c0000000)
  eden space 1229824K, 0% used [0x000000066ab00000,0x000000066ab00000,0x00000006b5c00000)
  from space 435712K, 0% used [0x00000006d5080000,0x00000006d5080000,0x00000006efa00000)
  to   space 512512K, 0% used [0x00000006b5c00000,0x00000006b5c00000,0x00000006d5080000)
 ParOldGen       total 7684608K, used 5999329K [0x00000003c0000000, 0x0000000595080000, 0x000000066ab00000)
  object space 7684608K, 78% used [0x00000003c0000000,0x000000052e2b87e8,0x0000000595080000)
 Metaspace       used 16626K, capacity 17306K, committed 17408K, reserved 1064960K
  class space    used 2099K, capacity 2251K, committed 2304K, reserved 1048576K
}
Event: 114.181 GC heap before
{Heap before GC invocations=26 (full 9):
 PSYoungGen      total 1665536K, used 1229824K [0x000000066ab00000, 0x0000000700f80000, 0x00000007c0000000)
  eden space 1229824K, 100% used [0x000000066ab00000,0x00000006b5c00000,0x00000006b5c00000)
  from space 435712K, 0% used [0x00000006d5080000,0x00000006d5080000,0x00000006efa00000)
  to   space 512512K, 0% used [0x00000006b5c00000,0x00000006b5c00000,0x00000006d5080000)
 ParOldGen       total 7684608K, used 5999329K [0x00000003c0000000, 0x0000000595080000, 0x000000066ab00000)
  object space 7684608K, 78% used [0x00000003c0000000,0x000000052e2b87e8,0x0000000595080000)
 Metaspace       used 17738K, capacity 18520K, committed 18816K, reserved 1064960K
  class space    used 2206K, capacity 2384K, committed 2432K, reserved 1048576K
Event: 116.260 GC heap after
Heap after GC invocations=26 (full 9):
 PSYoungGen      total 1742336K, used 512484K [0x000000066ab00000, 0x000000070e680000, 0x00000007c0000000)
  eden space 1229824K, 0% used [0x000000066ab00000,0x000000066ab00000,0x00000006b5c00000)
  from space 512512K, 99% used [0x00000006b5c00000,0x00000006d5079128,0x00000006d5080000)
  to   space 615936K, 0% used [0x00000006e8d00000,0x00000006e8d00000,0x000000070e680000)
 ParOldGen       total 7684608K, used 6024428K [0x00000003c0000000, 0x0000000595080000, 0x000000066ab00000)
  object space 7684608K, 78% used [0x00000003c0000000,0x000000052fb3b3b8,0x0000000595080000)
 Metaspace       used 17738K, capacity 18520K, committed 18816K, reserved 1064960K
  class space    used 2206K, capacity 2384K, committed 2432K, reserved 1048576K
}
Event: 134.648 GC heap before
{Heap before GC invocations=27 (full 9):
 PSYoungGen      total 1742336K, used 1742308K [0x000000066ab00000, 0x000000070e680000, 0x00000007c0000000)
  eden space 1229824K, 100% used [0x000000066ab00000,0x00000006b5c00000,0x00000006b5c00000)
  from space 512512K, 99% used [0x00000006b5c00000,0x00000006d5079128,0x00000006d5080000)
  to   space 615936K, 0% used [0x00000006e8d00000,0x00000006e8d00000,0x000000070e680000)
 ParOldGen       total 7684608K, used 6024428K [0x00000003c0000000, 0x0000000595080000, 0x000000066ab00000)
  object space 7684608K, 78% used [0x00000003c0000000,0x000000052fb3b3b8,0x0000000595080000)
 Metaspace       used 17746K, capacity 18520K, committed 18816K, reserved 1064960K
  class space    used 2206K, capacity 2384K, committed 2432K, reserved 1048576K

